Collecting Flask==3.1.0 (from -r requirements.txt (line 1))
  Downloading flask-3.1.0-py3-none-any.whl.metadata (2.7 kB)
Collecting Flask-Login==0.6.3 (from -r requirements.txt (line 2))
  Downloading Flask_Login-0.6.3-py3-none-any.whl.metadata (5.8 kB)
Collecting Flask-SQLAlchemy==3.1.1 (from -r requirements.txt (line 3))
  Downloading flask_sqlalchemy-3.1.1-py3-none-any.whl.metadata (3.4 kB)
Collecting Flask-Bootstrap==3.3.7.1 (from -r requirements.txt (line 4))
  Downloading Flask-Bootstrap-3.3.7.1.tar.gz (456 kB)
  Installing build dependencies: started
  Installing build dependencies: finished with status 'done'
  Getting requirements to build wheel: started
  Getting requirements to build wheel: finished with status 'done'
  Preparing metadata (pyproject.toml): started
  Preparing metadata (pyproject.toml): finished with status 'done'
Collecting Flask-WTF==1.2.2 (from -r requirements.txt (line 5))
  Downloading flask_wtf-1.2.2-py3-none-any.whl.metadata (3.4 kB)
Collecting pandas==2.2.3 (from -r requirements.txt (line 7))
  Downloading pandas-2.2.3-cp313-cp313-manylinux_2_17_x86_64.manylinux2014_x86_64.whl.metadata (89 kB)
Collecting python-dotenv==1.0.1 (from -r requirements.txt (line 9))
  Downloading python_dotenv-1.0.1-py3-none-any.whl.metadata (23 kB)
Collecting gspread==6.2.0 (from -r requirements.txt (line 10))
  Downloading gspread-6.2.0-py3-none-any.whl.metadata (11 kB)
Collecting oauth2client==4.1.3 (from -r requirements.txt (line 11))
  Downloading oauth2client-4.1.3-py2.py3-none-any.whl.metadata (1.2 kB)
Collecting openpyxl==3.1.5 (from -r requirements.txt (line 12))
  Downloading openpyxl-3.1.5-py2.py3-none-any.whl.metadata (2.5 kB)
Collecting lxml==5.3.1 (from -r requirements.txt (line 13))
  Downloading lxml-5.3.1-cp313-cp313-manylinux_2_28_x86_64.whl.metadata (3.7 kB)
Collecting Werkzeug>=3.1 (from Flask==3.1.0->-r requirements.txt (line 1))
  Downloading werkzeug-3.1.3-py3-none-any.whl.metadata (3.7 kB)
Collecting Jinja2>=3.1.2 (from Flask==3.1.0->-r requirements.txt (line 1))
  Downloading jinja2-3.1.6-py3-none-any.whl.metadata (2.9 kB)
Collecting itsdangerous>=2.2 (from Flask==3.1.0->-r requirements.txt (line 1))
  Downloading itsdangerous-2.2.0-py3-none-any.whl.metadata (1.9 kB)
Collecting click>=8.1.3 (from Flask==3.1.0->-r requirements.txt (line 1))
  Downloading click-8.1.8-py3-none-any.whl.metadata (2.3 kB)
Collecting blinker>=1.9 (from Flask==3.1.0->-r requirements.txt (line 1))
  Downloading blinker-1.9.0-py3-none-any.whl.metadata (1.6 kB)
Collecting sqlalchemy>=2.0.16 (from Flask-SQLAlchemy==3.1.1->-r requirements.txt (line 3))
  Downloading sqlalchemy-2.0.40-cp313-cp313-manylinux_2_17_x86_64.manylinux2014_x86_64.whl.metadata (9.6 kB)
Collecting dominate (from Flask-Bootstrap==3.3.7.1->-r requirements.txt (line 4))
  Downloading dominate-2.9.1-py2.py3-none-any.whl.metadata (13 kB)
Collecting visitor (from Flask-Bootstrap==3.3.7.1->-r requirements.txt (line 4))
  Downloading visitor-0.1.3.tar.gz (3.3 kB)
  Installing build dependencies: started
  Installing build dependencies: finished with status 'done'
  Getting requirements to build wheel: started
  Getting requirements to build wheel: finished with status 'done'
  Preparing metadata (pyproject.toml): started
  Preparing metadata (pyproject.toml): finished with status 'done'
Collecting wtforms (from Flask-WTF==1.2.2->-r requirements.txt (line 5))
  Downloading wtforms-3.2.1-py3-none-any.whl.metadata (5.3 kB)
Collecting numpy>=1.26.0 (from pandas==2.2.3->-r requirements.txt (line 7))
  Downloading numpy-2.2.5-cp313-cp313-manylinux_2_17_x86_64.manylinux2014_x86_64.whl.metadata (62 kB)
Collecting python-dateutil>=2.8.2 (from pandas==2.2.3->-r requirements.txt (line 7))
  Downloading python_dateutil-2.9.0.post0-py2.py3-none-any.whl.metadata (8.4 kB)
Collecting pytz>=2020.1 (from pandas==2.2.3->-r requirements.txt (line 7))
  Downloading pytz-2025.2-py2.py3-none-any.whl.metadata (22 kB)
Collecting tzdata>=2022.7 (from pandas==2.2.3->-r requirements.txt (line 7))
  Downloading tzdata-2025.2-py2.py3-none-any.whl.metadata (1.4 kB)
Collecting google-auth>=1.12.0 (from gspread==6.2.0->-r requirements.txt (line 10))
  Downloading google_auth-2.40.1-py2.py3-none-any.whl.metadata (6.2 kB)
Collecting google-auth-oauthlib>=0.4.1 (from gspread==6.2.0->-r requirements.txt (line 10))
  Downloading google_auth_oauthlib-1.2.2-py3-none-any.whl.metadata (2.7 kB)
Collecting httplib2>=0.9.1 (from oauth2client==4.1.3->-r requirements.txt (line 11))
  Downloading httplib2-0.22.0-py3-none-any.whl.metadata (2.6 kB)
Collecting pyasn1>=0.1.7 (from oauth2client==4.1.3->-r requirements.txt (line 11))
  Downloading pyasn1-0.6.1-py3-none-any.whl.metadata (8.4 kB)
Collecting pyasn1-modules>=0.0.5 (from oauth2client==4.1.3->-r requirements.txt (line 11))
  Downloading pyasn1_modules-0.4.2-py3-none-any.whl.metadata (3.5 kB)
Collecting rsa>=3.1.4 (from oauth2client==4.1.3->-r requirements.txt (line 11))
  Downloading rsa-4.9.1-py3-none-any.whl.metadata (5.6 kB)
Collecting six>=1.6.1 (from oauth2client==4.1.3->-r requirements.txt (line 11))
  Downloading six-1.17.0-py2.py3-none-any.whl.metadata (1.7 kB)
Collecting et-xmlfile (from openpyxl==3.1.5->-r requirements.txt (line 12))
  Downloading et_xmlfile-2.0.0-py3-none-any.whl.metadata (2.7 kB)
Collecting cachetools<6.0,>=2.0.0 (from google-auth>=1.12.0->gspread==6.2.0->-r requirements.txt (line 10))
  Downloading cachetools-5.5.2-py3-none-any.whl.metadata (5.4 kB)
Collecting requests-oauthlib>=0.7.0 (from google-auth-oauthlib>=0.4.1->gspread==6.2.0->-r requirements.txt (line 10))
  Downloading requests_oauthlib-2.0.0-py2.py3-none-any.whl.metadata (11 kB)
Collecting pyparsing!=3.0.0,!=3.0.1,!=3.0.2,!=3.0.3,<4,>=2.4.2 (from httplib2>=0.9.1->oauth2client==4.1.3->-r requirements.txt (line 11))
  Downloading pyparsing-3.2.3-py3-none-any.whl.metadata (5.0 kB)
Collecting MarkupSafe>=2.0 (from Jinja2>=3.1.2->Flask==3.1.0->-r requirements.txt (line 1))
  Downloading MarkupSafe-3.0.2-cp313-cp313-manylinux_2_17_x86_64.manylinux2014_x86_64.whl.metadata (4.0 kB)
Collecting greenlet>=1 (from sqlalchemy>=2.0.16->Flask-SQLAlchemy==3.1.1->-r requirements.txt (line 3))
  Downloading greenlet-3.2.1-cp313-cp313-manylinux_2_24_x86_64.manylinux_2_28_x86_64.whl.metadata (4.1 kB)
Collecting typing-extensions>=4.6.0 (from sqlalchemy>=2.0.16->Flask-SQLAlchemy==3.1.1->-r requirements.txt (line 3))
  Downloading typing_extensions-4.13.2-py3-none-any.whl.metadata (3.0 kB)
Collecting oauthlib>=3.0.0 (from requests-oauthlib>=0.7.0->google-auth-oauthlib>=0.4.1->gspread==6.2.0->-r requirements.txt (line 10))
  Downloading oauthlib-3.2.2-py3-none-any.whl.metadata (7.5 kB)
Collecting requests>=2.0.0 (from requests-oauthlib>=0.7.0->google-auth-oauthlib>=0.4.1->gspread==6.2.0->-r requirements.txt (line 10))
  Downloading requests-2.32.3-py3-none-any.whl.metadata (4.6 kB)
Collecting charset-normalizer<4,>=2 (from requests>=2.0.0->requests-oauthlib>=0.7.0->google-auth-oauthlib>=0.4.1->gspread==6.2.0->-r requirements.txt (line 10))
  Downloading charset_normalizer-3.4.2-cp313-cp313-manylinux_2_17_x86_64.manylinux2014_x86_64.whl.metadata (35 kB)
Collecting idna<4,>=2.5 (from requests>=2.0.0->requests-oauthlib>=0.7.0->google-auth-oauthlib>=0.4.1->gspread==6.2.0->-r requirements.txt (line 10))
  Downloading idna-3.10-py3-none-any.whl.metadata (10 kB)
Collecting urllib3<3,>=1.21.1 (from requests>=2.0.0->requests-oauthlib>=0.7.0->google-auth-oauthlib>=0.4.1->gspread==6.2.0->-r requirements.txt (line 10))
  Downloading urllib3-2.4.0-py3-none-any.whl.metadata (6.5 kB)
Collecting certifi>=2017.4.17 (from requests>=2.0.0->requests-oauthlib>=0.7.0->google-auth-oauthlib>=0.4.1->gspread==6.2.0->-r requirements.txt (line 10))
  Downloading certifi-2025.4.26-py3-none-any.whl.metadata (2.5 kB)
Downloading flask-3.1.0-py3-none-any.whl (102 kB)
Downloading Flask_Login-0.6.3-py3-none-any.whl (17 kB)
Downloading flask_sqlalchemy-3.1.1-py3-none-any.whl (25 kB)
Downloading flask_wtf-1.2.2-py3-none-any.whl (12 kB)
Downloading pandas-2.2.3-cp313-cp313-manylinux_2_17_x86_64.manylinux2014_x86_64.whl (12.7 MB)
   ━━━━━━━━━━━━━━━━━━━━━━━━━━━━━━━━━━━━━━━━ 12.7/12.7 MB 25.2 MB/s eta 0:00:00
Downloading python_dotenv-1.0.1-py3-none-any.whl (19 kB)
Downloading gspread-6.2.0-py3-none-any.whl (59 kB)
Downloading oauth2client-4.1.3-py2.py3-none-any.whl (98 kB)
Downloading openpyxl-3.1.5-py2.py3-none-any.whl (250 kB)
Downloading lxml-5.3.1-cp313-cp313-manylinux_2_28_x86_64.whl (5.0 MB)
   ━━━━━━━━━━━━━━━━━━━━━━━━━━━━━━━━━━━━━━━━ 5.0/5.0 MB 16.2 MB/s eta 0:00:00
Downloading blinker-1.9.0-py3-none-any.whl (8.5 kB)
Downloading click-8.1.8-py3-none-any.whl (98 kB)
Downloading google_auth-2.40.1-py2.py3-none-any.whl (216 kB)
Downloading google_auth_oauthlib-1.2.2-py3-none-any.whl (19 kB)
Downloading httplib2-0.22.0-py3-none-any.whl (96 kB)
Downloading itsdangerous-2.2.0-py3-none-any.whl (16 kB)
Downloading jinja2-3.1.6-py3-none-any.whl (134 kB)
Downloading numpy-2.2.5-cp313-cp313-manylinux_2_17_x86_64.manylinux2014_x86_64.whl (16.1 MB)
   ━━━━━━━━━━━━━━━━━━━━━━━━━━━━━━━━━━━━━━━━ 16.1/16.1 MB 12.1 MB/s eta 0:00:00
Downloading pyasn1-0.6.1-py3-none-any.whl (83 kB)
Downloading pyasn1_modules-0.4.2-py3-none-any.whl (181 kB)
Downloading python_dateutil-2.9.0.post0-py2.py3-none-any.whl (229 kB)
Downloading pytz-2025.2-py2.py3-none-any.whl (509 kB)
Downloading rsa-4.9.1-py3-none-any.whl (34 kB)
Downloading six-1.17.0-py2.py3-none-any.whl (11 kB)
Downloading sqlalchemy-2.0.40-cp313-cp313-manylinux_2_17_x86_64.manylinux2014_x86_64.whl (3.2 MB)
   ━━━━━━━━━━━━━━━━━━━━━━━━━━━━━━━━━━━━━━━━ 3.2/3.2 MB 11.1 MB/s eta 0:00:00
Downloading tzdata-2025.2-py2.py3-none-any.whl (347 kB)
Downloading werkzeug-3.1.3-py3-none-any.whl (224 kB)
Downloading dominate-2.9.1-py2.py3-none-any.whl (29 kB)
Downloading et_xmlfile-2.0.0-py3-none-any.whl (18 kB)
Downloading wtforms-3.2.1-py3-none-any.whl (152 kB)
Downloading cachetools-5.5.2-py3-none-any.whl (10 kB)
Downloading greenlet-3.2.1-cp313-cp313-manylinux_2_24_x86_64.manylinux_2_28_x86_64.whl (606 kB)
   ━━━━━━━━━━━━━━━━━━━━━━━━━━━━━━━━━━━━━━━━ 606.8/606.8 kB 2.0 MB/s eta 0:00:00
Downloading MarkupSafe-3.0.2-cp313-cp313-manylinux_2_17_x86_64.manylinux2014_x86_64.whl (23 kB)
Downloading pyparsing-3.2.3-py3-none-any.whl (111 kB)
Downloading requests_oauthlib-2.0.0-py2.py3-none-any.whl (24 kB)
Downloading typing_extensions-4.13.2-py3-none-any.whl (45 kB)
Downloading oauthlib-3.2.2-py3-none-any.whl (151 kB)
Downloading requests-2.32.3-py3-none-any.whl (64 kB)
Downloading certifi-2025.4.26-py3-none-any.whl (159 kB)
Downloading charset_normalizer-3.4.2-cp313-cp313-manylinux_2_17_x86_64.manylinux2014_x86_64.whl (148 kB)
Downloading idna-3.10-py3-none-any.whl (70 kB)
Downloading urllib3-2.4.0-py3-none-any.whl (128 kB)
Building wheels for collected packages: Flask-Bootstrap, visitor
  Building wheel for Flask-Bootstrap (pyproject.toml): started
  Building wheel for Flask-Bootstrap (pyproject.toml): finished with status 'done'
  Created wheel for Flask-Bootstrap: filename=flask_bootstrap-3.3.7.1-py3-none-any.whl size=460167 sha256=fb5e33c1bcf37a82cd432b78052093fe0a791011bd3ff5d78fcbc4c7c12a4731
  Stored in directory: /root/.cache/pip/wheels/a5/b5/bc/930e4bed62bc6a93acd3883ce94b572014df09b164a0af150c
  Building wheel for visitor (pyproject.toml): started
  Building wheel for visitor (pyproject.toml): finished with status 'done'
  Created wheel for visitor: filename=visitor-0.1.3-py3-none-any.whl size=3998 sha256=90f4c58cba60380d555ae2ef001c6c948671ad9cd72a503443549c5dc9071656
  Stored in directory: /root/.cache/pip/wheels/1f/7a/08/da6543916a156ecebde51a3259ec914a4cefdec14e6ae44a07
Successfully built Flask-Bootstrap visitor
Installing collected packages: visitor, pytz, urllib3, tzdata, typing-extensions, six, python-dotenv, pyparsing, pyasn1, oauthlib, numpy, MarkupSafe, lxml, itsdangerous, idna, greenlet, et-xmlfile, dominate, click, charset-normalizer, certifi, cachetools, blinker, wtforms, Werkzeug, sqlalchemy, rsa, requests, python-dateutil, pyasn1-modules, openpyxl, Jinja2, httplib2, requests-oauthlib, pandas, oauth2client, google-auth, Flask, google-auth-oauthlib, Flask-WTF, Flask-SQLAlchemy, Flask-Login, Flask-Bootstrap, gspread
Successfully installed Flask-3.1.0 Flask-Bootstrap-3.3.7.1 Flask-Login-0.6.3 Flask-SQLAlchemy-3.1.1 Flask-WTF-1.2.2 Jinja2-3.1.6 MarkupSafe-3.0.2 Werkzeug-3.1.3 blinker-1.9.0 cachetools-5.5.2 certifi-2025.4.26 charset-normalizer-3.4.2 click-8.1.8 dominate-2.9.1 et-xmlfile-2.0.0 google-auth-2.40.1 google-auth-oauthlib-1.2.2 greenlet-3.2.1 gspread-6.2.0 httplib2-0.22.0 idna-3.10 itsdangerous-2.2.0 lxml-5.3.1 numpy-2.2.5 oauth2client-4.1.3 oauthlib-3.2.2 openpyxl-3.1.5 pandas-2.2.3 pyasn1-0.6.1 pyasn1-modules-0.4.2 pyparsing-3.2.3 python-dateutil-2.9.0.post0 python-dotenv-1.0.1 pytz-2025.2 requests-2.32.3 requests-oauthlib-2.0.0 rsa-4.9.1 six-1.17.0 sqlalchemy-2.0.40 typing-extensions-4.13.2 tzdata-2025.2 urllib3-2.4.0 visitor-0.1.3 wtforms-3.2.1
