Requirement already satisfied: Flet==0.19.0 in /usr/local/lib/python3.13/site-packages (from -r ./requirements.txt (line 1)) (0.19.0)
Requirement already satisfied: cookiecutter<3.0.0,>=2.4.0 in /usr/local/lib/python3.13/site-packages (from Flet==0.19.0->-r ./requirements.txt (line 1)) (2.6.0)
Requirement already satisfied: flet-runtime==0.19.0 in /usr/local/lib/python3.13/site-packages (from Flet==0.19.0->-r ./requirements.txt (line 1)) (0.19.0)
Requirement already satisfied: packaging<24.0,>=23.1 in /usr/local/lib/python3.13/site-packages (from Flet==0.19.0->-r ./requirements.txt (line 1)) (23.2)
Requirement already satisfied: qrcode<8.0.0,>=7.4.2 in /usr/local/lib/python3.13/site-packages (from Flet==0.19.0->-r ./requirements.txt (line 1)) (7.4.2)
Requirement already satisfied: watchdog<4.0.0,>=3.0.0 in /usr/local/lib/python3.13/site-packages (from Flet==0.19.0->-r ./requirements.txt (line 1)) (3.0.0)
Requirement already satisfied: websocket-client<2.0.0,>=1.5.2 in /usr/local/lib/python3.13/site-packages (from Flet==0.19.0->-r ./requirements.txt (line 1)) (1.8.0)
Requirement already satisfied: websockets<12.0.0,>=11.0.3 in /usr/local/lib/python3.13/site-packages (from Flet==0.19.0->-r ./requirements.txt (line 1)) (11.0.3)
Requirement already satisfied: flet-core==0.19.0 in /usr/local/lib/python3.13/site-packages (from flet-runtime==0.19.0->Flet==0.19.0->-r ./requirements.txt (line 1)) (0.19.0)
Requirement already satisfied: httpx<0.25.0,>=0.24.1 in /usr/local/lib/python3.13/site-packages (from flet-runtime==0.19.0->Flet==0.19.0->-r ./requirements.txt (line 1)) (0.24.1)
Requirement already satisfied: oauthlib<4.0.0,>=3.2.2 in /usr/local/lib/python3.13/site-packages (from flet-runtime==0.19.0->Flet==0.19.0->-r ./requirements.txt (line 1)) (3.2.2)
Requirement already satisfied: repath<0.10.0,>=0.9.0 in /usr/local/lib/python3.13/site-packages (from flet-core==0.19.0->flet-runtime==0.19.0->Flet==0.19.0->-r ./requirements.txt (line 1)) (0.9.0)
Requirement already satisfied: binaryornot>=0.4.4 in /usr/local/lib/python3.13/site-packages (from cookiecutter<3.0.0,>=2.4.0->Flet==0.19.0->-r ./requirements.txt (line 1)) (0.4.4)
Requirement already satisfied: Jinja2<4.0.0,>=2.7 in /usr/local/lib/python3.13/site-packages (from cookiecutter<3.0.0,>=2.4.0->Flet==0.19.0->-r ./requirements.txt (line 1)) (3.1.6)
Requirement already satisfied: click<9.0.0,>=7.0 in /usr/local/lib/python3.13/site-packages (from cookiecutter<3.0.0,>=2.4.0->Flet==0.19.0->-r ./requirements.txt (line 1)) (8.1.8)
Requirement already satisfied: pyyaml>=5.3.1 in /usr/local/lib/python3.13/site-packages (from cookiecutter<3.0.0,>=2.4.0->Flet==0.19.0->-r ./requirements.txt (line 1)) (6.0.2)
Requirement already satisfied: python-slugify>=4.0.0 in /usr/local/lib/python3.13/site-packages (from cookiecutter<3.0.0,>=2.4.0->Flet==0.19.0->-r ./requirements.txt (line 1)) (8.0.4)
Requirement already satisfied: requests>=2.23.0 in /usr/local/lib/python3.13/site-packages (from cookiecutter<3.0.0,>=2.4.0->Flet==0.19.0->-r ./requirements.txt (line 1)) (2.32.3)
Requirement already satisfied: arrow in /usr/local/lib/python3.13/site-packages (from cookiecutter<3.0.0,>=2.4.0->Flet==0.19.0->-r ./requirements.txt (line 1)) (1.3.0)
Requirement already satisfied: rich in /usr/local/lib/python3.13/site-packages (from cookiecutter<3.0.0,>=2.4.0->Flet==0.19.0->-r ./requirements.txt (line 1)) (14.0.0)
Requirement already satisfied: typing-extensions in /usr/local/lib/python3.13/site-packages (from qrcode<8.0.0,>=7.4.2->Flet==0.19.0->-r ./requirements.txt (line 1)) (4.13.1)
Requirement already satisfied: pypng in /usr/local/lib/python3.13/site-packages (from qrcode<8.0.0,>=7.4.2->Flet==0.19.0->-r ./requirements.txt (line 1)) (0.20220715.0)
Requirement already satisfied: chardet>=3.0.2 in /usr/local/lib/python3.13/site-packages (from binaryornot>=0.4.4->cookiecutter<3.0.0,>=2.4.0->Flet==0.19.0->-r ./requirements.txt (line 1)) (5.2.0)
Requirement already satisfied: certifi in /usr/local/lib/python3.13/site-packages (from httpx<0.25.0,>=0.24.1->flet-runtime==0.19.0->Flet==0.19.0->-r ./requirements.txt (line 1)) (2025.1.31)
Requirement already satisfied: httpcore<0.18.0,>=0.15.0 in /usr/local/lib/python3.13/site-packages (from httpx<0.25.0,>=0.24.1->flet-runtime==0.19.0->Flet==0.19.0->-r ./requirements.txt (line 1)) (0.17.3)
Requirement already satisfied: idna in /usr/local/lib/python3.13/site-packages (from httpx<0.25.0,>=0.24.1->flet-runtime==0.19.0->Flet==0.19.0->-r ./requirements.txt (line 1)) (3.10)
Requirement already satisfied: sniffio in /usr/local/lib/python3.13/site-packages (from httpx<0.25.0,>=0.24.1->flet-runtime==0.19.0->Flet==0.19.0->-r ./requirements.txt (line 1)) (1.3.1)
Requirement already satisfied: MarkupSafe>=2.0 in /usr/local/lib/python3.13/site-packages (from Jinja2<4.0.0,>=2.7->cookiecutter<3.0.0,>=2.4.0->Flet==0.19.0->-r ./requirements.txt (line 1)) (3.0.2)
Requirement already satisfied: text-unidecode>=1.3 in /usr/local/lib/python3.13/site-packages (from python-slugify>=4.0.0->cookiecutter<3.0.0,>=2.4.0->Flet==0.19.0->-r ./requirements.txt (line 1)) (1.3)
Requirement already satisfied: charset-normalizer<4,>=2 in /usr/local/lib/python3.13/site-packages (from requests>=2.23.0->cookiecutter<3.0.0,>=2.4.0->Flet==0.19.0->-r ./requirements.txt (line 1)) (3.4.1)
Requirement already satisfied: urllib3<3,>=1.21.1 in /usr/local/lib/python3.13/site-packages (from requests>=2.23.0->cookiecutter<3.0.0,>=2.4.0->Flet==0.19.0->-r ./requirements.txt (line 1)) (2.3.0)
Requirement already satisfied: python-dateutil>=2.7.0 in /usr/local/lib/python3.13/site-packages (from arrow->cookiecutter<3.0.0,>=2.4.0->Flet==0.19.0->-r ./requirements.txt (line 1)) (2.9.0.post0)
Requirement already satisfied: types-python-dateutil>=2.8.10 in /usr/local/lib/python3.13/site-packages (from arrow->cookiecutter<3.0.0,>=2.4.0->Flet==0.19.0->-r ./requirements.txt (line 1)) (2.9.0.20241206)
Requirement already satisfied: markdown-it-py>=2.2.0 in /usr/local/lib/python3.13/site-packages (from rich->cookiecutter<3.0.0,>=2.4.0->Flet==0.19.0->-r ./requirements.txt (line 1)) (3.0.0)
Requirement already satisfied: pygments<3.0.0,>=2.13.0 in /usr/local/lib/python3.13/site-packages (from rich->cookiecutter<3.0.0,>=2.4.0->Flet==0.19.0->-r ./requirements.txt (line 1)) (2.19.1)
Requirement already satisfied: h11<0.15,>=0.13 in /usr/local/lib/python3.13/site-packages (from httpcore<0.18.0,>=0.15.0->httpx<0.25.0,>=0.24.1->flet-runtime==0.19.0->Flet==0.19.0->-r ./requirements.txt (line 1)) (0.14.0)
Requirement already satisfied: anyio<5.0,>=3.0 in /usr/local/lib/python3.13/site-packages (from httpcore<0.18.0,>=0.15.0->httpx<0.25.0,>=0.24.1->flet-runtime==0.19.0->Flet==0.19.0->-r ./requirements.txt (line 1)) (4.9.0)
Requirement already satisfied: mdurl~=0.1 in /usr/local/lib/python3.13/site-packages (from markdown-it-py>=2.2.0->rich->cookiecutter<3.0.0,>=2.4.0->Flet==0.19.0->-r ./requirements.txt (line 1)) (0.1.2)
Requirement already satisfied: six>=1.5 in /usr/local/lib/python3.13/site-packages (from python-dateutil>=2.7.0->arrow->cookiecutter<3.0.0,>=2.4.0->Flet==0.19.0->-r ./requirements.txt (line 1)) (1.17.0)
