Requirement already satisfied: Flask==3.1.0 in /usr/local/lib/python3.13/site-packages (from -r ./requirements.txt (line 1)) (3.1.0)
Collecting Flask-SQLAlchemy==3.1.1 (from -r ./requirements.txt (line 2))
  Downloading flask_sqlalchemy-3.1.1-py3-none-any.whl.metadata (3.4 kB)
Collecting Flask-Login==0.6.3 (from -r ./requirements.txt (line 3))
  Downloading Flask_Login-0.6.3-py3-none-any.whl.metadata (5.8 kB)
Requirement already satisfied: Werkzeug>=3.1 in /usr/local/lib/python3.13/site-packages (from Flask==3.1.0->-r ./requirements.txt (line 1)) (3.1.3)
Requirement already satisfied: Jinja2>=3.1.2 in /usr/local/lib/python3.13/site-packages (from Flask==3.1.0->-r ./requirements.txt (line 1)) (3.1.6)
Requirement already satisfied: itsdangerous>=2.2 in /usr/local/lib/python3.13/site-packages (from Flask==3.1.0->-r ./requirements.txt (line 1)) (2.2.0)
Requirement already satisfied: click>=8.1.3 in /usr/local/lib/python3.13/site-packages (from Flask==3.1.0->-r ./requirements.txt (line 1)) (8.1.8)
Requirement already satisfied: blinker>=1.9 in /usr/local/lib/python3.13/site-packages (from Flask==3.1.0->-r ./requirements.txt (line 1)) (1.9.0)
Collecting sqlalchemy>=2.0.16 (from Flask-SQLAlchemy==3.1.1->-r ./requirements.txt (line 2))
  Downloading sqlalchemy-2.0.39-cp313-cp313-manylinux_2_17_x86_64.manylinux2014_x86_64.whl.metadata (9.6 kB)
Requirement already satisfied: MarkupSafe>=2.0 in /usr/local/lib/python3.13/site-packages (from Jinja2>=3.1.2->Flask==3.1.0->-r ./requirements.txt (line 1)) (3.0.2)
Collecting greenlet!=0.4.17 (from sqlalchemy>=2.0.16->Flask-SQLAlchemy==3.1.1->-r ./requirements.txt (line 2))
  Downloading greenlet-3.1.1-cp313-cp313-manylinux_2_24_x86_64.manylinux_2_28_x86_64.whl.metadata (3.8 kB)
Requirement already satisfied: typing-extensions>=4.6.0 in /usr/local/lib/python3.13/site-packages (from sqlalchemy>=2.0.16->Flask-SQLAlchemy==3.1.1->-r ./requirements.txt (line 2)) (4.12.2)
Downloading flask_sqlalchemy-3.1.1-py3-none-any.whl (25 kB)
Downloading Flask_Login-0.6.3-py3-none-any.whl (17 kB)
Downloading sqlalchemy-2.0.39-cp313-cp313-manylinux_2_17_x86_64.manylinux2014_x86_64.whl (3.2 MB)
   ━━━━━━━━━━━━━━━━━━━━━━━━━━━━━━━━━━━━━━━━ 3.2/3.2 MB 9.9 MB/s eta 0:00:00
Downloading greenlet-3.1.1-cp313-cp313-manylinux_2_24_x86_64.manylinux_2_28_x86_64.whl (615 kB)
   ━━━━━━━━━━━━━━━━━━━━━━━━━━━━━━━━━━━━━━━━ 615.6/615.6 kB 2.2 MB/s eta 0:00:00
Installing collected packages: greenlet, sqlalchemy, Flask-SQLAlchemy, Flask-Login
Successfully installed Flask-Login-0.6.3 Flask-SQLAlchemy-3.1.1 greenlet-3.1.1 sqlalchemy-2.0.39
