Requirement already satisfied: selenium==4.30.0 in /usr/local/lib/python3.13/site-packages (from -r requirements.txt (line 1)) (4.30.0)
Requirement already satisfied: webdriver-manager==4.0.2 in /usr/local/lib/python3.13/site-packages (from -r requirements.txt (line 2)) (4.0.2)
Requirement already satisfied: pandas==2.2.3 in /usr/local/lib/python3.13/site-packages (from -r requirements.txt (line 3)) (2.2.3)
Requirement already satisfied: gspread==5.9.0 in /usr/local/lib/python3.13/site-packages (from -r requirements.txt (line 4)) (5.9.0)
Requirement already satisfied: oauth2client==4.1.3 in /usr/local/lib/python3.13/site-packages (from -r requirements.txt (line 5)) (4.1.3)
Requirement already satisfied: python-dotenv==1.0.1 in /usr/local/lib/python3.13/site-packages (from -r requirements.txt (line 6)) (1.0.1)
Requirement already satisfied: urllib3<3,>=1.26 in /usr/local/lib/python3.13/site-packages (from urllib3[socks]<3,>=1.26->selenium==4.30.0->-r requirements.txt (line 1)) (2.3.0)
Requirement already satisfied: trio~=0.17 in /usr/local/lib/python3.13/site-packages (from selenium==4.30.0->-r requirements.txt (line 1)) (0.29.0)
Requirement already satisfied: trio-websocket~=0.9 in /usr/local/lib/python3.13/site-packages (from selenium==4.30.0->-r requirements.txt (line 1)) (0.12.2)
Requirement already satisfied: certifi>=2021.10.8 in /usr/local/lib/python3.13/site-packages (from selenium==4.30.0->-r requirements.txt (line 1)) (2025.1.31)
Requirement already satisfied: typing_extensions~=4.9 in /usr/local/lib/python3.13/site-packages (from selenium==4.30.0->-r requirements.txt (line 1)) (4.12.2)
Requirement already satisfied: websocket-client~=1.8 in /usr/local/lib/python3.13/site-packages (from selenium==4.30.0->-r requirements.txt (line 1)) (1.8.0)
Requirement already satisfied: requests in /usr/local/lib/python3.13/site-packages (from webdriver-manager==4.0.2->-r requirements.txt (line 2)) (2.32.3)
Requirement already satisfied: packaging in /usr/local/lib/python3.13/site-packages (from webdriver-manager==4.0.2->-r requirements.txt (line 2)) (24.2)
Requirement already satisfied: numpy>=1.26.0 in /usr/local/lib/python3.13/site-packages (from pandas==2.2.3->-r requirements.txt (line 3)) (2.2.4)
Requirement already satisfied: python-dateutil>=2.8.2 in /usr/local/lib/python3.13/site-packages (from pandas==2.2.3->-r requirements.txt (line 3)) (2.9.0.post0)
Requirement already satisfied: pytz>=2020.1 in /usr/local/lib/python3.13/site-packages (from pandas==2.2.3->-r requirements.txt (line 3)) (2025.1)
Requirement already satisfied: tzdata>=2022.7 in /usr/local/lib/python3.13/site-packages (from pandas==2.2.3->-r requirements.txt (line 3)) (2025.1)
Requirement already satisfied: google-auth>=1.12.0 in /usr/local/lib/python3.13/site-packages (from gspread==5.9.0->-r requirements.txt (line 4)) (2.38.0)
Requirement already satisfied: google-auth-oauthlib>=0.4.1 in /usr/local/lib/python3.13/site-packages (from gspread==5.9.0->-r requirements.txt (line 4)) (1.2.1)
Requirement already satisfied: httplib2>=0.9.1 in /usr/local/lib/python3.13/site-packages (from oauth2client==4.1.3->-r requirements.txt (line 5)) (0.22.0)
Requirement already satisfied: pyasn1>=0.1.7 in /usr/local/lib/python3.13/site-packages (from oauth2client==4.1.3->-r requirements.txt (line 5)) (0.6.1)
Requirement already satisfied: pyasn1-modules>=0.0.5 in /usr/local/lib/python3.13/site-packages (from oauth2client==4.1.3->-r requirements.txt (line 5)) (0.4.1)
Requirement already satisfied: rsa>=3.1.4 in /usr/local/lib/python3.13/site-packages (from oauth2client==4.1.3->-r requirements.txt (line 5)) (4.9)
Requirement already satisfied: six>=1.6.1 in /usr/local/lib/python3.13/site-packages (from oauth2client==4.1.3->-r requirements.txt (line 5)) (1.17.0)
Requirement already satisfied: cachetools<6.0,>=2.0.0 in /usr/local/lib/python3.13/site-packages (from google-auth>=1.12.0->gspread==5.9.0->-r requirements.txt (line 4)) (5.5.2)
Requirement already satisfied: requests-oauthlib>=0.7.0 in /usr/local/lib/python3.13/site-packages (from google-auth-oauthlib>=0.4.1->gspread==5.9.0->-r requirements.txt (line 4)) (2.0.0)
Requirement already satisfied: pyparsing!=3.0.0,!=3.0.1,!=3.0.2,!=3.0.3,<4,>=2.4.2 in /usr/local/lib/python3.13/site-packages (from httplib2>=0.9.1->oauth2client==4.1.3->-r requirements.txt (line 5)) (3.2.1)
Requirement already satisfied: attrs>=23.2.0 in /usr/local/lib/python3.13/site-packages (from trio~=0.17->selenium==4.30.0->-r requirements.txt (line 1)) (25.3.0)
Requirement already satisfied: sortedcontainers in /usr/local/lib/python3.13/site-packages (from trio~=0.17->selenium==4.30.0->-r requirements.txt (line 1)) (2.4.0)
Requirement already satisfied: idna in /usr/local/lib/python3.13/site-packages (from trio~=0.17->selenium==4.30.0->-r requirements.txt (line 1)) (3.10)
Requirement already satisfied: outcome in /usr/local/lib/python3.13/site-packages (from trio~=0.17->selenium==4.30.0->-r requirements.txt (line 1)) (1.3.0.post0)
Requirement already satisfied: sniffio>=1.3.0 in /usr/local/lib/python3.13/site-packages (from trio~=0.17->selenium==4.30.0->-r requirements.txt (line 1)) (1.3.1)
Requirement already satisfied: wsproto>=0.14 in /usr/local/lib/python3.13/site-packages (from trio-websocket~=0.9->selenium==4.30.0->-r requirements.txt (line 1)) (1.2.0)
Requirement already satisfied: pysocks!=1.5.7,<2.0,>=1.5.6 in /usr/local/lib/python3.13/site-packages (from urllib3[socks]<3,>=1.26->selenium==4.30.0->-r requirements.txt (line 1)) (1.7.1)
Requirement already satisfied: charset-normalizer<4,>=2 in /usr/local/lib/python3.13/site-packages (from requests->webdriver-manager==4.0.2->-r requirements.txt (line 2)) (3.4.1)
Requirement already satisfied: oauthlib>=3.0.0 in /usr/local/lib/python3.13/site-packages (from requests-oauthlib>=0.7.0->google-auth-oauthlib>=0.4.1->gspread==5.9.0->-r requirements.txt (line 4)) (3.2.2)
Requirement already satisfied: h11<1,>=0.9.0 in /usr/local/lib/python3.13/site-packages (from wsproto>=0.14->trio-websocket~=0.9->selenium==4.30.0->-r requirements.txt (line 1)) (0.14.0)
