Collecting Flask==3.1.0 (from -r requirements.txt (line 1))
  Downloading flask-3.1.0-py3-none-any.whl.metadata (2.7 kB)
Collecting Flask-SQLAlchemy==3.1.1 (from -r requirements.txt (line 2))
  Downloading flask_sqlalchemy-3.1.1-py3-none-any.whl.metadata (3.4 kB)
Collecting Flask-Login==0.6.3 (from -r requirements.txt (line 3))
  Downloading Flask_Login-0.6.3-py3-none-any.whl.metadata (5.8 kB)
Collecting python-dotenv==1.0.1 (from -r requirements.txt (line 4))
  Downloading python_dotenv-1.0.1-py3-none-any.whl.metadata (23 kB)
Collecting yfinance==0.2.55 (from -r requirements.txt (line 5))
  Downloading yfinance-0.2.55-py2.py3-none-any.whl.metadata (5.8 kB)
Collecting gspread==6.2.0 (from -r requirements.txt (line 6))
  Downloading gspread-6.2.0-py3-none-any.whl.metadata (11 kB)
Collecting oauth2client==4.1.3 (from -r requirements.txt (line 7))
  Downloading oauth2client-4.1.3-py2.py3-none-any.whl.metadata (1.2 kB)
Collecting openpyxl==3.1.5 (from -r requirements.txt (line 8))
  Downloading openpyxl-3.1.5-py2.py3-none-any.whl.metadata (2.5 kB)
Collecting lxml==5.3.1 (from -r requirements.txt (line 9))
  Downloading lxml-5.3.1-cp313-cp313-manylinux_2_28_x86_64.whl.metadata (3.7 kB)
Collecting Werkzeug>=3.1 (from Flask==3.1.0->-r requirements.txt (line 1))
  Downloading werkzeug-3.1.3-py3-none-any.whl.metadata (3.7 kB)
Collecting Jinja2>=3.1.2 (from Flask==3.1.0->-r requirements.txt (line 1))
  Downloading jinja2-3.1.6-py3-none-any.whl.metadata (2.9 kB)
Collecting itsdangerous>=2.2 (from Flask==3.1.0->-r requirements.txt (line 1))
  Downloading itsdangerous-2.2.0-py3-none-any.whl.metadata (1.9 kB)
Collecting click>=8.1.3 (from Flask==3.1.0->-r requirements.txt (line 1))
  Downloading click-8.1.8-py3-none-any.whl.metadata (2.3 kB)
Collecting blinker>=1.9 (from Flask==3.1.0->-r requirements.txt (line 1))
  Downloading blinker-1.9.0-py3-none-any.whl.metadata (1.6 kB)
Collecting sqlalchemy>=2.0.16 (from Flask-SQLAlchemy==3.1.1->-r requirements.txt (line 2))
  Downloading sqlalchemy-2.0.39-cp313-cp313-manylinux_2_17_x86_64.manylinux2014_x86_64.whl.metadata (9.6 kB)
Collecting pandas>=1.3.0 (from yfinance==0.2.55->-r requirements.txt (line 5))
  Downloading pandas-2.2.3-cp313-cp313-manylinux_2_17_x86_64.manylinux2014_x86_64.whl.metadata (89 kB)
Collecting numpy>=1.16.5 (from yfinance==0.2.55->-r requirements.txt (line 5))
  Downloading numpy-2.2.4-cp313-cp313-manylinux_2_17_x86_64.manylinux2014_x86_64.whl.metadata (62 kB)
Collecting requests>=2.31 (from yfinance==0.2.55->-r requirements.txt (line 5))
  Downloading requests-2.32.3-py3-none-any.whl.metadata (4.6 kB)
Collecting multitasking>=0.0.7 (from yfinance==0.2.55->-r requirements.txt (line 5))
  Downloading multitasking-0.0.11-py3-none-any.whl.metadata (5.5 kB)
Collecting platformdirs>=2.0.0 (from yfinance==0.2.55->-r requirements.txt (line 5))
  Downloading platformdirs-4.3.7-py3-none-any.whl.metadata (11 kB)
Collecting pytz>=2022.5 (from yfinance==0.2.55->-r requirements.txt (line 5))
  Downloading pytz-2025.1-py2.py3-none-any.whl.metadata (22 kB)
Collecting frozendict>=2.3.4 (from yfinance==0.2.55->-r requirements.txt (line 5))
  Downloading frozendict-2.4.6-py313-none-any.whl.metadata (23 kB)
Collecting peewee>=3.16.2 (from yfinance==0.2.55->-r requirements.txt (line 5))
  Downloading peewee-3.17.9.tar.gz (3.0 MB)
     ━━━━━━━━━━━━━━━━━━━━━━━━━━━━━━━━━━━━━━━━ 3.0/3.0 MB 13.7 MB/s eta 0:00:00
  Installing build dependencies: started
  Installing build dependencies: finished with status 'done'
  Getting requirements to build wheel: started
  Getting requirements to build wheel: finished with status 'done'
  Preparing metadata (pyproject.toml): started
  Preparing metadata (pyproject.toml): finished with status 'done'
Collecting beautifulsoup4>=4.11.1 (from yfinance==0.2.55->-r requirements.txt (line 5))
  Downloading beautifulsoup4-4.13.3-py3-none-any.whl.metadata (3.8 kB)
Collecting google-auth>=1.12.0 (from gspread==6.2.0->-r requirements.txt (line 6))
  Downloading google_auth-2.38.0-py2.py3-none-any.whl.metadata (4.8 kB)
Collecting google-auth-oauthlib>=0.4.1 (from gspread==6.2.0->-r requirements.txt (line 6))
  Downloading google_auth_oauthlib-1.2.1-py2.py3-none-any.whl.metadata (2.7 kB)
Collecting httplib2>=0.9.1 (from oauth2client==4.1.3->-r requirements.txt (line 7))
  Downloading httplib2-0.22.0-py3-none-any.whl.metadata (2.6 kB)
Collecting pyasn1>=0.1.7 (from oauth2client==4.1.3->-r requirements.txt (line 7))
  Downloading pyasn1-0.6.1-py3-none-any.whl.metadata (8.4 kB)
Collecting pyasn1-modules>=0.0.5 (from oauth2client==4.1.3->-r requirements.txt (line 7))
  Downloading pyasn1_modules-0.4.1-py3-none-any.whl.metadata (3.5 kB)
Collecting rsa>=3.1.4 (from oauth2client==4.1.3->-r requirements.txt (line 7))
  Downloading rsa-4.9-py3-none-any.whl.metadata (4.2 kB)
Collecting six>=1.6.1 (from oauth2client==4.1.3->-r requirements.txt (line 7))
  Downloading six-1.17.0-py2.py3-none-any.whl.metadata (1.7 kB)
Collecting et-xmlfile (from openpyxl==3.1.5->-r requirements.txt (line 8))
  Downloading et_xmlfile-2.0.0-py3-none-any.whl.metadata (2.7 kB)
Collecting soupsieve>1.2 (from beautifulsoup4>=4.11.1->yfinance==0.2.55->-r requirements.txt (line 5))
  Downloading soupsieve-2.6-py3-none-any.whl.metadata (4.6 kB)
Collecting typing-extensions>=4.0.0 (from beautifulsoup4>=4.11.1->yfinance==0.2.55->-r requirements.txt (line 5))
  Downloading typing_extensions-4.12.2-py3-none-any.whl.metadata (3.0 kB)
Collecting cachetools<6.0,>=2.0.0 (from google-auth>=1.12.0->gspread==6.2.0->-r requirements.txt (line 6))
  Downloading cachetools-5.5.2-py3-none-any.whl.metadata (5.4 kB)
Collecting requests-oauthlib>=0.7.0 (from google-auth-oauthlib>=0.4.1->gspread==6.2.0->-r requirements.txt (line 6))
  Downloading requests_oauthlib-2.0.0-py2.py3-none-any.whl.metadata (11 kB)
Collecting pyparsing!=3.0.0,!=3.0.1,!=3.0.2,!=3.0.3,<4,>=2.4.2 (from httplib2>=0.9.1->oauth2client==4.1.3->-r requirements.txt (line 7))
  Downloading pyparsing-3.2.1-py3-none-any.whl.metadata (5.0 kB)
Collecting MarkupSafe>=2.0 (from Jinja2>=3.1.2->Flask==3.1.0->-r requirements.txt (line 1))
  Downloading MarkupSafe-3.0.2-cp313-cp313-manylinux_2_17_x86_64.manylinux2014_x86_64.whl.metadata (4.0 kB)
Collecting python-dateutil>=2.8.2 (from pandas>=1.3.0->yfinance==0.2.55->-r requirements.txt (line 5))
  Downloading python_dateutil-2.9.0.post0-py2.py3-none-any.whl.metadata (8.4 kB)
Collecting tzdata>=2022.7 (from pandas>=1.3.0->yfinance==0.2.55->-r requirements.txt (line 5))
  Downloading tzdata-2025.1-py2.py3-none-any.whl.metadata (1.4 kB)
Collecting charset-normalizer<4,>=2 (from requests>=2.31->yfinance==0.2.55->-r requirements.txt (line 5))
  Downloading charset_normalizer-3.4.1-cp313-cp313-manylinux_2_17_x86_64.manylinux2014_x86_64.whl.metadata (35 kB)
Collecting idna<4,>=2.5 (from requests>=2.31->yfinance==0.2.55->-r requirements.txt (line 5))
  Downloading idna-3.10-py3-none-any.whl.metadata (10 kB)
Collecting urllib3<3,>=1.21.1 (from requests>=2.31->yfinance==0.2.55->-r requirements.txt (line 5))
  Downloading urllib3-2.3.0-py3-none-any.whl.metadata (6.5 kB)
Collecting certifi>=2017.4.17 (from requests>=2.31->yfinance==0.2.55->-r requirements.txt (line 5))
  Downloading certifi-2025.1.31-py3-none-any.whl.metadata (2.5 kB)
Collecting greenlet!=0.4.17 (from sqlalchemy>=2.0.16->Flask-SQLAlchemy==3.1.1->-r requirements.txt (line 2))
  Downloading greenlet-3.1.1-cp313-cp313-manylinux_2_24_x86_64.manylinux_2_28_x86_64.whl.metadata (3.8 kB)
Collecting oauthlib>=3.0.0 (from requests-oauthlib>=0.7.0->google-auth-oauthlib>=0.4.1->gspread==6.2.0->-r requirements.txt (line 6))
  Downloading oauthlib-3.2.2-py3-none-any.whl.metadata (7.5 kB)
Downloading flask-3.1.0-py3-none-any.whl (102 kB)
Downloading flask_sqlalchemy-3.1.1-py3-none-any.whl (25 kB)
Downloading Flask_Login-0.6.3-py3-none-any.whl (17 kB)
Downloading python_dotenv-1.0.1-py3-none-any.whl (19 kB)
Downloading yfinance-0.2.55-py2.py3-none-any.whl (109 kB)
Downloading gspread-6.2.0-py3-none-any.whl (59 kB)
Downloading oauth2client-4.1.3-py2.py3-none-any.whl (98 kB)
Downloading openpyxl-3.1.5-py2.py3-none-any.whl (250 kB)
Downloading lxml-5.3.1-cp313-cp313-manylinux_2_28_x86_64.whl (5.0 MB)
   ━━━━━━━━━━━━━━━━━━━━━━━━━━━━━━━━━━━━━━━━ 5.0/5.0 MB 17.3 MB/s eta 0:00:00
Downloading beautifulsoup4-4.13.3-py3-none-any.whl (186 kB)
Downloading blinker-1.9.0-py3-none-any.whl (8.5 kB)
Downloading click-8.1.8-py3-none-any.whl (98 kB)
Downloading frozendict-2.4.6-py313-none-any.whl (16 kB)
Downloading google_auth-2.38.0-py2.py3-none-any.whl (210 kB)
Downloading google_auth_oauthlib-1.2.1-py2.py3-none-any.whl (24 kB)
Downloading httplib2-0.22.0-py3-none-any.whl (96 kB)
Downloading itsdangerous-2.2.0-py3-none-any.whl (16 kB)
Downloading jinja2-3.1.6-py3-none-any.whl (134 kB)
Downloading multitasking-0.0.11-py3-none-any.whl (8.5 kB)
Downloading numpy-2.2.4-cp313-cp313-manylinux_2_17_x86_64.manylinux2014_x86_64.whl (16.1 MB)
   ━━━━━━━━━━━━━━━━━━━━━━━━━━━━━━━━━━━━━━━━ 16.1/16.1 MB 11.1 MB/s eta 0:00:00
Downloading pandas-2.2.3-cp313-cp313-manylinux_2_17_x86_64.manylinux2014_x86_64.whl (12.7 MB)
   ━━━━━━━━━━━━━━━━━━━━━━━━━━━━━━━━━━━━━━━━ 12.7/12.7 MB 22.5 MB/s eta 0:00:00
Downloading platformdirs-4.3.7-py3-none-any.whl (18 kB)
Downloading pyasn1-0.6.1-py3-none-any.whl (83 kB)
Downloading pyasn1_modules-0.4.1-py3-none-any.whl (181 kB)
Downloading pytz-2025.1-py2.py3-none-any.whl (507 kB)
Downloading requests-2.32.3-py3-none-any.whl (64 kB)
Downloading rsa-4.9-py3-none-any.whl (34 kB)
Downloading six-1.17.0-py2.py3-none-any.whl (11 kB)
Downloading sqlalchemy-2.0.39-cp313-cp313-manylinux_2_17_x86_64.manylinux2014_x86_64.whl (3.2 MB)
   ━━━━━━━━━━━━━━━━━━━━━━━━━━━━━━━━━━━━━━━━ 3.2/3.2 MB 9.4 MB/s eta 0:00:00
Downloading werkzeug-3.1.3-py3-none-any.whl (224 kB)
Downloading et_xmlfile-2.0.0-py3-none-any.whl (18 kB)
Downloading cachetools-5.5.2-py3-none-any.whl (10 kB)
Downloading certifi-2025.1.31-py3-none-any.whl (166 kB)
Downloading charset_normalizer-3.4.1-cp313-cp313-manylinux_2_17_x86_64.manylinux2014_x86_64.whl (144 kB)
Downloading greenlet-3.1.1-cp313-cp313-manylinux_2_24_x86_64.manylinux_2_28_x86_64.whl (615 kB)
   ━━━━━━━━━━━━━━━━━━━━━━━━━━━━━━━━━━━━━━━━ 615.6/615.6 kB 2.3 MB/s eta 0:00:00
Downloading idna-3.10-py3-none-any.whl (70 kB)
Downloading MarkupSafe-3.0.2-cp313-cp313-manylinux_2_17_x86_64.manylinux2014_x86_64.whl (23 kB)
Downloading pyparsing-3.2.1-py3-none-any.whl (107 kB)
Downloading python_dateutil-2.9.0.post0-py2.py3-none-any.whl (229 kB)
Downloading requests_oauthlib-2.0.0-py2.py3-none-any.whl (24 kB)
Downloading soupsieve-2.6-py3-none-any.whl (36 kB)
Downloading typing_extensions-4.12.2-py3-none-any.whl (37 kB)
Downloading tzdata-2025.1-py2.py3-none-any.whl (346 kB)
Downloading urllib3-2.3.0-py3-none-any.whl (128 kB)
Downloading oauthlib-3.2.2-py3-none-any.whl (151 kB)
Building wheels for collected packages: peewee
  Building wheel for peewee (pyproject.toml): started
  Building wheel for peewee (pyproject.toml): finished with status 'done'
  Created wheel for peewee: filename=peewee-3.17.9-cp313-cp313-linux_x86_64.whl size=1020126 sha256=95c9a7d7387ca7395ebdd5e6dbc6ae76c832f0358c709d64c41bc91d3a0b8589
  Stored in directory: /root/.cache/pip/wheels/a4/4c/13/c0145c208d813977081d42e2a47d72acb3efc4a6965ab57804
Successfully built peewee
Installing collected packages: pytz, peewee, multitasking, urllib3, tzdata, typing-extensions, soupsieve, six, python-dotenv, pyparsing, pyasn1, platformdirs, oauthlib, numpy, MarkupSafe, lxml, itsdangerous, idna, greenlet, frozendict, et-xmlfile, click, charset-normalizer, certifi, cachetools, blinker, Werkzeug, sqlalchemy, rsa, requests, python-dateutil, pyasn1-modules, openpyxl, Jinja2, httplib2, beautifulsoup4, requests-oauthlib, pandas, oauth2client, google-auth, Flask, yfinance, google-auth-oauthlib, Flask-SQLAlchemy, Flask-Login, gspread
Successfully installed Flask-3.1.0 Flask-Login-0.6.3 Flask-SQLAlchemy-3.1.1 Jinja2-3.1.6 MarkupSafe-3.0.2 Werkzeug-3.1.3 beautifulsoup4-4.13.3 blinker-1.9.0 cachetools-5.5.2 certifi-2025.1.31 charset-normalizer-3.4.1 click-8.1.8 et-xmlfile-2.0.0 frozendict-2.4.6 google-auth-2.38.0 google-auth-oauthlib-1.2.1 greenlet-3.1.1 gspread-6.2.0 httplib2-0.22.0 idna-3.10 itsdangerous-2.2.0 lxml-5.3.1 multitasking-0.0.11 numpy-2.2.4 oauth2client-4.1.3 oauthlib-3.2.2 openpyxl-3.1.5 pandas-2.2.3 peewee-3.17.9 platformdirs-4.3.7 pyasn1-0.6.1 pyasn1-modules-0.4.1 pyparsing-3.2.1 python-dateutil-2.9.0.post0 python-dotenv-1.0.1 pytz-2025.1 requests-2.32.3 requests-oauthlib-2.0.0 rsa-4.9 six-1.17.0 soupsieve-2.6 sqlalchemy-2.0.39 typing-extensions-4.12.2 tzdata-2025.1 urllib3-2.3.0 yfinance-0.2.55
