Requirement already satisfied: Flask in /usr/local/lib/python3.13/site-packages (from -r requirements.txt (line 1)) (3.1.0)
Requirement already satisfied: Flask-SQLAlchemy in /usr/local/lib/python3.13/site-packages (from -r requirements.txt (line 2)) (3.1.1)
Requirement already satisfied: Flask-Login in /usr/local/lib/python3.13/site-packages (from -r requirements.txt (line 3)) (0.6.3)
Requirement already satisfied: python-dotenv in /usr/local/lib/python3.13/site-packages (from -r requirements.txt (line 4)) (1.0.1)
Requirement already satisfied: yfinance in /usr/local/lib/python3.13/site-packages (from -r requirements.txt (line 5)) (0.2.55)
Requirement already satisfied: gspread in /usr/local/lib/python3.13/site-packages (from -r requirements.txt (line 6)) (6.2.0)
Requirement already satisfied: oauth2client==4.1.3 in /usr/local/lib/python3.13/site-packages (from -r requirements.txt (line 7)) (4.1.3)
Requirement already satisfied: openpyxl in /usr/local/lib/python3.13/site-packages (from -r requirements.txt (line 8)) (3.1.5)
Requirement already satisfied: lxml in /usr/local/lib/python3.13/site-packages (from -r requirements.txt (line 9)) (5.3.1)
Requirement already satisfied: httplib2>=0.9.1 in /usr/local/lib/python3.13/site-packages (from oauth2client==4.1.3->-r requirements.txt (line 7)) (0.22.0)
Requirement already satisfied: pyasn1>=0.1.7 in /usr/local/lib/python3.13/site-packages (from oauth2client==4.1.3->-r requirements.txt (line 7)) (0.6.1)
Requirement already satisfied: pyasn1-modules>=0.0.5 in /usr/local/lib/python3.13/site-packages (from oauth2client==4.1.3->-r requirements.txt (line 7)) (0.4.1)
Requirement already satisfied: rsa>=3.1.4 in /usr/local/lib/python3.13/site-packages (from oauth2client==4.1.3->-r requirements.txt (line 7)) (4.9)
Requirement already satisfied: six>=1.6.1 in /usr/local/lib/python3.13/site-packages (from oauth2client==4.1.3->-r requirements.txt (line 7)) (1.17.0)
Requirement already satisfied: Werkzeug>=3.1 in /usr/local/lib/python3.13/site-packages (from Flask->-r requirements.txt (line 1)) (3.1.3)
Requirement already satisfied: Jinja2>=3.1.2 in /usr/local/lib/python3.13/site-packages (from Flask->-r requirements.txt (line 1)) (3.1.6)
Requirement already satisfied: itsdangerous>=2.2 in /usr/local/lib/python3.13/site-packages (from Flask->-r requirements.txt (line 1)) (2.2.0)
Requirement already satisfied: click>=8.1.3 in /usr/local/lib/python3.13/site-packages (from Flask->-r requirements.txt (line 1)) (8.1.8)
Requirement already satisfied: blinker>=1.9 in /usr/local/lib/python3.13/site-packages (from Flask->-r requirements.txt (line 1)) (1.9.0)
Requirement already satisfied: sqlalchemy>=2.0.16 in /usr/local/lib/python3.13/site-packages (from Flask-SQLAlchemy->-r requirements.txt (line 2)) (2.0.39)
Requirement already satisfied: pandas>=1.3.0 in /usr/local/lib/python3.13/site-packages (from yfinance->-r requirements.txt (line 5)) (2.2.3)
Requirement already satisfied: numpy>=1.16.5 in /usr/local/lib/python3.13/site-packages (from yfinance->-r requirements.txt (line 5)) (2.2.4)
Requirement already satisfied: requests>=2.31 in /usr/local/lib/python3.13/site-packages (from yfinance->-r requirements.txt (line 5)) (2.32.3)
Requirement already satisfied: multitasking>=0.0.7 in /usr/local/lib/python3.13/site-packages (from yfinance->-r requirements.txt (line 5)) (0.0.11)
Requirement already satisfied: platformdirs>=2.0.0 in /usr/local/lib/python3.13/site-packages (from yfinance->-r requirements.txt (line 5)) (4.3.7)
Requirement already satisfied: pytz>=2022.5 in /usr/local/lib/python3.13/site-packages (from yfinance->-r requirements.txt (line 5)) (2025.1)
Requirement already satisfied: frozendict>=2.3.4 in /usr/local/lib/python3.13/site-packages (from yfinance->-r requirements.txt (line 5)) (2.4.6)
Requirement already satisfied: peewee>=3.16.2 in /usr/local/lib/python3.13/site-packages (from yfinance->-r requirements.txt (line 5)) (3.17.9)
Requirement already satisfied: beautifulsoup4>=4.11.1 in /usr/local/lib/python3.13/site-packages (from yfinance->-r requirements.txt (line 5)) (4.13.3)
Requirement already satisfied: google-auth>=1.12.0 in /usr/local/lib/python3.13/site-packages (from gspread->-r requirements.txt (line 6)) (2.38.0)
Requirement already satisfied: google-auth-oauthlib>=0.4.1 in /usr/local/lib/python3.13/site-packages (from gspread->-r requirements.txt (line 6)) (1.2.1)
Requirement already satisfied: et-xmlfile in /usr/local/lib/python3.13/site-packages (from openpyxl->-r requirements.txt (line 8)) (2.0.0)
Requirement already satisfied: soupsieve>1.2 in /usr/local/lib/python3.13/site-packages (from beautifulsoup4>=4.11.1->yfinance->-r requirements.txt (line 5)) (2.6)
Requirement already satisfied: typing-extensions>=4.0.0 in /usr/local/lib/python3.13/site-packages (from beautifulsoup4>=4.11.1->yfinance->-r requirements.txt (line 5)) (4.12.2)
Requirement already satisfied: cachetools<6.0,>=2.0.0 in /usr/local/lib/python3.13/site-packages (from google-auth>=1.12.0->gspread->-r requirements.txt (line 6)) (5.5.2)
Requirement already satisfied: requests-oauthlib>=0.7.0 in /usr/local/lib/python3.13/site-packages (from google-auth-oauthlib>=0.4.1->gspread->-r requirements.txt (line 6)) (2.0.0)
Requirement already satisfied: pyparsing!=3.0.0,!=3.0.1,!=3.0.2,!=3.0.3,<4,>=2.4.2 in /usr/local/lib/python3.13/site-packages (from httplib2>=0.9.1->oauth2client==4.1.3->-r requirements.txt (line 7)) (3.2.1)
Requirement already satisfied: MarkupSafe>=2.0 in /usr/local/lib/python3.13/site-packages (from Jinja2>=3.1.2->Flask->-r requirements.txt (line 1)) (3.0.2)
Requirement already satisfied: python-dateutil>=2.8.2 in /usr/local/lib/python3.13/site-packages (from pandas>=1.3.0->yfinance->-r requirements.txt (line 5)) (2.9.0.post0)
Requirement already satisfied: tzdata>=2022.7 in /usr/local/lib/python3.13/site-packages (from pandas>=1.3.0->yfinance->-r requirements.txt (line 5)) (2025.1)
Requirement already satisfied: charset-normalizer<4,>=2 in /usr/local/lib/python3.13/site-packages (from requests>=2.31->yfinance->-r requirements.txt (line 5)) (3.4.1)
Requirement already satisfied: idna<4,>=2.5 in /usr/local/lib/python3.13/site-packages (from requests>=2.31->yfinance->-r requirements.txt (line 5)) (3.10)
Requirement already satisfied: urllib3<3,>=1.21.1 in /usr/local/lib/python3.13/site-packages (from requests>=2.31->yfinance->-r requirements.txt (line 5)) (2.3.0)
Requirement already satisfied: certifi>=2017.4.17 in /usr/local/lib/python3.13/site-packages (from requests>=2.31->yfinance->-r requirements.txt (line 5)) (2025.1.31)
Requirement already satisfied: greenlet!=0.4.17 in /usr/local/lib/python3.13/site-packages (from sqlalchemy>=2.0.16->Flask-SQLAlchemy->-r requirements.txt (line 2)) (3.1.1)
Requirement already satisfied: oauthlib>=3.0.0 in /usr/local/lib/python3.13/site-packages (from requests-oauthlib>=0.7.0->google-auth-oauthlib>=0.4.1->gspread->-r requirements.txt (line 6)) (3.2.2)
